2026-03-03 14:31:50,325 - INFO - ============================================================
2026-03-03 14:31:50,325 - INFO - AUDIO SLICER PIPELINE START
2026-03-03 14:31:50,325 - INFO - ============================================================
2026-03-03 14:31:50,325 - INFO - YouTube URL: https://www.youtube.com/watch?v=0e0duD8_LFE
2026-03-03 14:31:50,325 - INFO - Ranges: [{'start': '1:16', 'end': '2:06'}, {'start': '2:45', 'end': '3:27'}, {'start': '3:41', 'end': '4:45'}, {'start': '4:59', 'end': '6:01'}, {'start': '6:16', 'end': '7:28'}, {'start': '7:43', 'end': '8:30'}, {'start': '8:45', 'end': '9:25'}, {'start': '9:40', 'end': '10:50'}]
2026-03-03 14:31:50,325 - INFO - ------------------------------------------------------------
2026-03-03 14:31:50,325 - INFO - Node 1: Download
2026-03-03 14:31:50,325 - INFO - ------------------------------------------------------------
2026-03-03 14:31:52,059 - INFO - Audio for 0e0duD8_LFE already exists, skipping download
2026-03-03 14:31:52,059 - INFO - ------------------------------------------------------------
2026-03-03 14:31:52,059 - INFO - Node 2: Slice
2026-03-03 14:31:52,059 - INFO - ------------------------------------------------------------
2026-03-03 14:31:52,059 - INFO - clip_0e0duD8_LFE_01_01m16s_02m06s: Slicing audio...
2026-03-03 14:31:52,112 - INFO - clip_0e0duD8_LFE_01_01m16s_02m06s: Sliced successfully
2026-03-03 14:31:52,112 - INFO - clip_0e0duD8_LFE_02_02m45s_03m27s: Slicing audio...
2026-03-03 14:31:52,151 - INFO - clip_0e0duD8_LFE_02_02m45s_03m27s: Sliced successfully
2026-03-03 14:31:52,152 - INFO - clip_0e0duD8_LFE_03_03m41s_04m45s: Slicing audio...
2026-03-03 14:31:52,193 - INFO - clip_0e0duD8_LFE_03_03m41s_04m45s: Sliced successfully
2026-03-03 14:31:52,194 - INFO - clip_0e0duD8_LFE_04_04m59s_06m01s: Slicing audio...
2026-03-03 14:31:52,235 - INFO - clip_0e0duD8_LFE_04_04m59s_06m01s: Sliced successfully
2026-03-03 14:31:52,236 - INFO - clip_0e0duD8_LFE_05_06m16s_07m28s: Slicing audio...
2026-03-03 14:31:52,281 - INFO - clip_0e0duD8_LFE_05_06m16s_07m28s: Sliced successfully
2026-03-03 14:31:52,281 - INFO - clip_0e0duD8_LFE_06_07m43s_08m30s: Slicing audio...
2026-03-03 14:31:52,329 - INFO - clip_0e0duD8_LFE_06_07m43s_08m30s: Sliced successfully
2026-03-03 14:31:52,329 - INFO - clip_0e0duD8_LFE_07_08m45s_09m25s: Slicing audio...
2026-03-03 14:31:52,373 - INFO - clip_0e0duD8_LFE_07_08m45s_09m25s: Sliced successfully
2026-03-03 14:31:52,373 - INFO - clip_0e0duD8_LFE_08_09m40s_10m50s: Slicing audio...
2026-03-03 14:31:52,418 - INFO - clip_0e0duD8_LFE_08_09m40s_10m50s: Sliced successfully
2026-03-03 14:31:52,418 - INFO - ============================================================
2026-03-03 14:31:52,418 - INFO - PIPELINE COMPLETE
2026-03-03 14:31:52,418 - INFO - ============================================================
2026-03-03 14:31:52,418 - INFO - Output: 8 audio clips generated
2026-03-03 14:31:52,418 - INFO - Location: clips/
