2026-03-03 14:46:37,528 - INFO - ============================================================
2026-03-03 14:46:37,528 - INFO - AUDIO SLICER PIPELINE START
2026-03-03 14:46:37,528 - INFO - ============================================================
2026-03-03 14:46:37,528 - INFO - YouTube URL: https://www.youtube.com/watch?v=k1Bw564_WBY
2026-03-03 14:46:37,528 - INFO - Ranges: [{'start': '0:59', 'end': '1:35'}, {'start': '1:47', 'end': '2:35'}, {'start': '3:42', 'end': '4:21'}]
2026-03-03 14:46:37,528 - INFO - ------------------------------------------------------------
2026-03-03 14:46:37,528 - INFO - Node 1: Download
2026-03-03 14:46:37,528 - INFO - ------------------------------------------------------------
2026-03-03 14:46:38,813 - INFO - Attempting download strategy 1/4: Standard with modern user-agent
2026-03-03 14:46:50,433 - INFO - ✓ Downloaded successfully using: Standard with modern user-agent
2026-03-03 14:46:50,433 - INFO - Saved to: source_audio/k1Bw564_WBY.mp3
2026-03-03 14:46:50,433 - INFO - ------------------------------------------------------------
2026-03-03 14:46:50,433 - INFO - Node 2: Slice
2026-03-03 14:46:50,433 - INFO - ------------------------------------------------------------
2026-03-03 14:46:50,433 - INFO - clip_k1Bw564_WBY_01_00m59s_01m35s: Slicing audio...
2026-03-03 14:46:50,472 - INFO - clip_k1Bw564_WBY_01_00m59s_01m35s: Sliced successfully
2026-03-03 14:46:50,472 - INFO - clip_k1Bw564_WBY_02_01m47s_02m35s: Slicing audio...
2026-03-03 14:46:50,511 - INFO - clip_k1Bw564_WBY_02_01m47s_02m35s: Sliced successfully
2026-03-03 14:46:50,511 - INFO - clip_k1Bw564_WBY_03_03m42s_04m21s: Slicing audio...
2026-03-03 14:46:50,553 - INFO - clip_k1Bw564_WBY_03_03m42s_04m21s: Sliced successfully
2026-03-03 14:46:50,553 - INFO - ============================================================
2026-03-03 14:46:50,554 - INFO - PIPELINE COMPLETE
2026-03-03 14:46:50,554 - INFO - ============================================================
2026-03-03 14:46:50,554 - INFO - Output: 3 audio clips generated
2026-03-03 14:46:50,554 - INFO - Location: clips/
