2026-03-17 11:20:06,604 - INFO - ============================================================
2026-03-17 11:20:06,604 - INFO - AUDIO SLICER PIPELINE START
2026-03-17 11:20:06,604 - INFO - ============================================================
2026-03-17 11:20:06,604 - INFO - YouTube URL: https://www.youtube.com/watch?v=23p0LPzodt8
2026-03-17 11:20:06,604 - INFO - Ranges: [{'start': '2:50', 'end': '3:45'}, {'start': '3:57', 'end': '4:57'}, {'start': '5:14', 'end': '6:07'}, {'start': '6:22', 'end': '7:20'}, {'start': '7:35', 'end': '8:30'}, {'start': '8:44', 'end': '9:41'}, {'start': '9:57', 'end': '11:10'}]
2026-03-17 11:20:06,604 - INFO - ------------------------------------------------------------
2026-03-17 11:20:06,604 - INFO - Node 1: Download
2026-03-17 11:20:06,604 - INFO - ------------------------------------------------------------
2026-03-17 11:20:08,167 - INFO - Audio for 23p0LPzodt8 already exists, skipping download
2026-03-17 11:20:08,167 - INFO - ------------------------------------------------------------
2026-03-17 11:20:08,167 - INFO - Node 2: Slice
2026-03-17 11:20:08,167 - INFO - ------------------------------------------------------------
2026-03-17 11:20:08,167 - INFO - clip_23p0LPzodt8_01_02m50s_03m45s: Already sliced, skipping
2026-03-17 11:20:08,167 - INFO - clip_23p0LPzodt8_02_03m57s_04m57s: Already sliced, skipping
2026-03-17 11:20:08,167 - INFO - clip_23p0LPzodt8_03_05m14s_06m07s: Already sliced, skipping
2026-03-17 11:20:08,167 - INFO - clip_23p0LPzodt8_04_06m22s_07m20s: Already sliced, skipping
2026-03-17 11:20:08,167 - INFO - clip_23p0LPzodt8_05_07m35s_08m30s: Already sliced, skipping
2026-03-17 11:20:08,167 - INFO - clip_23p0LPzodt8_06_08m44s_09m41s: Already sliced, skipping
2026-03-17 11:20:08,167 - INFO - clip_23p0LPzodt8_07_09m57s_11m10s: Already sliced, skipping
2026-03-17 11:20:08,167 - INFO - ============================================================
2026-03-17 11:20:08,167 - INFO - PIPELINE COMPLETE
2026-03-17 11:20:08,167 - INFO - ============================================================
2026-03-17 11:20:08,167 - INFO - Output: 7 audio clips generated
2026-03-17 11:20:08,167 - INFO - Location: clips/
