2026-02-23 17:38:59,336 - INFO - ============================================================
2026-02-23 17:38:59,336 - INFO - AUDIO SLICER PIPELINE START
2026-02-23 17:38:59,336 - INFO - ============================================================
2026-02-23 17:38:59,336 - INFO - YouTube URL: https://www.youtube.com/watch?v=f9xIi2z5RVk
2026-02-23 17:38:59,336 - INFO - Ranges: [{'start': '2:22', 'end': '3:18'}, {'start': '3:32', 'end': '4:23'}, {'start': '4:37', 'end': '5:22'}, {'start': '5:36', 'end': '6:39'}, {'start': '6:53', 'end': '8:08'}, {'start': '8:23', 'end': '9:22'}, {'start': '9:36', 'end': '10:29'}]
2026-02-23 17:38:59,336 - INFO - ------------------------------------------------------------
2026-02-23 17:38:59,336 - INFO - Node 1: Download
2026-02-23 17:38:59,336 - INFO - ------------------------------------------------------------
2026-02-23 17:39:01,064 - INFO - Attempting download strategy 1/4: Standard with modern user-agent
2026-02-23 17:39:14,452 - INFO - ✓ Downloaded successfully using: Standard with modern user-agent
2026-02-23 17:39:14,452 - INFO - Saved to: source_audio/f9xIi2z5RVk.mp3
2026-02-23 17:39:14,452 - INFO - ------------------------------------------------------------
2026-02-23 17:39:14,453 - INFO - Node 2: Slice
2026-02-23 17:39:14,453 - INFO - ------------------------------------------------------------
2026-02-23 17:39:14,453 - INFO - clip_01_02m22s_03m18s: Slicing audio...
2026-02-23 17:39:14,490 - INFO - clip_01_02m22s_03m18s: Sliced successfully
2026-02-23 17:39:14,490 - INFO - clip_02_03m32s_04m23s: Slicing audio...
2026-02-23 17:39:14,527 - INFO - clip_02_03m32s_04m23s: Sliced successfully
2026-02-23 17:39:14,527 - INFO - clip_03_04m37s_05m22s: Slicing audio...
2026-02-23 17:39:14,565 - INFO - clip_03_04m37s_05m22s: Sliced successfully
2026-02-23 17:39:14,565 - INFO - clip_04_05m36s_06m39s: Slicing audio...
2026-02-23 17:39:14,604 - INFO - clip_04_05m36s_06m39s: Sliced successfully
2026-02-23 17:39:14,604 - INFO - clip_05_06m53s_08m08s: Slicing audio...
2026-02-23 17:39:14,645 - INFO - clip_05_06m53s_08m08s: Sliced successfully
2026-02-23 17:39:14,645 - INFO - clip_06_08m23s_09m22s: Slicing audio...
2026-02-23 17:39:14,686 - INFO - clip_06_08m23s_09m22s: Sliced successfully
2026-02-23 17:39:14,687 - INFO - clip_07_09m36s_10m29s: Slicing audio...
2026-02-23 17:39:14,728 - INFO - clip_07_09m36s_10m29s: Sliced successfully
2026-02-23 17:39:14,728 - INFO - ============================================================
2026-02-23 17:39:14,728 - INFO - PIPELINE COMPLETE
2026-02-23 17:39:14,728 - INFO - ============================================================
2026-02-23 17:39:14,728 - INFO - Output: 7 audio clips generated
2026-02-23 17:39:14,728 - INFO - Location: clips/
