2026-02-04 20:27:43,354 - INFO - Loading Whisper model (this may take a moment on first run)...
2026-02-04 20:27:43,809 - INFO - Whisper model loaded
2026-02-04 20:27:43,809 - INFO - Loaded 111 N5 kanji
2026-02-04 20:27:44,029 - INFO - ============================================================
2026-02-04 20:27:44,029 - INFO - PIPELINE START
2026-02-04 20:27:44,029 - INFO - ============================================================
2026-02-04 20:27:44,029 - INFO - YouTube URL: https://www.youtube.com/watch?v=ewHktqEnxTQ
2026-02-04 20:27:44,029 - INFO - Ranges: [{'start': 65, 'end': 120}, {'start': 136, 'end': 190}]
2026-02-04 20:27:44,029 - INFO - Target Languages: ['en', 'tr']
2026-02-04 20:27:44,029 - INFO - ------------------------------------------------------------
2026-02-04 20:27:44,029 - INFO - Node 1: Download
2026-02-04 20:27:44,029 - INFO - ------------------------------------------------------------
2026-02-04 20:27:44,029 - INFO - Downloading audio from: https://www.youtube.com/watch?v=ewHktqEnxTQ
2026-02-04 20:27:52,062 - ERROR - ERROR in download: [0;31mERROR:[0m unable to download video data: HTTP Error 403: Forbidden
2026-02-04 20:27:52,063 - ERROR - 
2026-02-04 20:27:52,063 - ERROR - ============================================================
2026-02-04 20:27:52,063 - ERROR - YouTube 403 Error - Possible Solutions:
2026-02-04 20:27:52,063 - ERROR - ============================================================
2026-02-04 20:27:52,063 - ERROR - 1. Export your browser cookies to cookies.txt:
2026-02-04 20:27:52,063 - ERROR -    - Install browser extension: 'Get cookies.txt LOCALLY'
2026-02-04 20:27:52,063 - ERROR -    - Visit YouTube while logged in
2026-02-04 20:27:52,063 - ERROR -    - Export cookies and save as 'cookies.txt' in this directory
2026-02-04 20:27:52,063 - ERROR - 
2026-02-04 20:27:52,064 - ERROR - 2. Manually download the audio:
2026-02-04 20:27:52,064 - ERROR -    - Use a web service like y2mate.com
2026-02-04 20:27:52,064 - ERROR -    - Save as 'source_audio/full_audio.mp3'
2026-02-04 20:27:52,064 - ERROR -    - Re-run the pipeline
2026-02-04 20:27:52,064 - ERROR - 
2026-02-04 20:27:52,064 - ERROR - 3. Try a different video URL
2026-02-04 20:27:52,064 - ERROR - ============================================================
2026-02-04 20:27:52,064 - ERROR - Download failed: [0;31mERROR:[0m unable to download video data: HTTP Error 403: Forbidden
2026-02-04 20:27:52,064 - ERROR - Pipeline aborted
