2026-02-06 13:03:43,402 - INFO - ============================================================
2026-02-06 13:03:43,402 - INFO - AUDIO SLICER PIPELINE START
2026-02-06 13:03:43,402 - INFO - ============================================================
2026-02-06 13:03:43,402 - INFO - YouTube URL: https://www.youtube.com/watch?v=ewHktqEnxTQ
2026-02-06 13:03:43,402 - INFO - Ranges: [{'start': '10:19', 'end': '11:35'}]
2026-02-06 13:03:43,402 - INFO - ------------------------------------------------------------
2026-02-06 13:03:43,402 - INFO - Node 1: Download
2026-02-06 13:03:43,402 - INFO - ------------------------------------------------------------
2026-02-06 13:03:44,985 - INFO - Attempting download strategy 1/4: Standard with modern user-agent
2026-02-06 13:03:56,319 - INFO - ✓ Downloaded successfully using: Standard with modern user-agent
2026-02-06 13:03:56,319 - INFO - Saved to: source_audio/ewHktqEnxTQ.mp3
2026-02-06 13:03:56,319 - INFO - ------------------------------------------------------------
2026-02-06 13:03:56,319 - INFO - Node 2: Slice
2026-02-06 13:03:56,319 - INFO - ------------------------------------------------------------
2026-02-06 13:03:56,319 - INFO - clip_01_10m19s_11m35s: Slicing audio...
2026-02-06 13:03:56,368 - INFO - clip_01_10m19s_11m35s: Sliced successfully
2026-02-06 13:03:56,368 - INFO - ============================================================
2026-02-06 13:03:56,368 - INFO - PIPELINE COMPLETE
2026-02-06 13:03:56,368 - INFO - ============================================================
2026-02-06 13:03:56,368 - INFO - Output: 1 audio clips generated
2026-02-06 13:03:56,368 - INFO - Location: clips/
