2026-02-04 21:28:08,622 - INFO - ============================================================
2026-02-04 21:28:08,622 - INFO - AUDIO SLICER PIPELINE START
2026-02-04 21:28:08,622 - INFO - ============================================================
2026-02-04 21:28:08,622 - INFO - YouTube URL: https://www.youtube.com/watch?v=ewHktqEnxTQ
2026-02-04 21:28:08,622 - INFO - Ranges: [{'start': 65, 'end': 120}, {'start': 136, 'end': 190}]
2026-02-04 21:28:08,622 - INFO - ------------------------------------------------------------
2026-02-04 21:28:08,622 - INFO - Node 1: Download
2026-02-04 21:28:08,622 - INFO - ------------------------------------------------------------
2026-02-04 21:28:08,622 - INFO - Audio already exists, skipping download
2026-02-04 21:28:08,622 - INFO - ------------------------------------------------------------
2026-02-04 21:28:08,622 - INFO - Node 2: Slice
2026-02-04 21:28:08,622 - INFO - ------------------------------------------------------------
2026-02-04 21:28:08,622 - INFO - clip_01_01m05s_02m00s: Slicing audio...
2026-02-04 21:28:08,698 - INFO - clip_01_01m05s_02m00s: Sliced successfully
2026-02-04 21:28:08,699 - INFO - clip_02_02m16s_03m10s: Slicing audio...
2026-02-04 21:28:08,733 - INFO - clip_02_02m16s_03m10s: Sliced successfully
2026-02-04 21:28:08,733 - INFO - ============================================================
2026-02-04 21:28:08,733 - INFO - PIPELINE COMPLETE
2026-02-04 21:28:08,733 - INFO - ============================================================
2026-02-04 21:28:08,733 - INFO - Output: 2 audio clips generated
2026-02-04 21:28:08,733 - INFO - Location: clips/
