2026-02-22 16:44:53,399 - INFO - ============================================================
2026-02-22 16:44:53,399 - INFO - AUDIO SLICER PIPELINE START
2026-02-22 16:44:53,399 - INFO - ============================================================
2026-02-22 16:44:53,399 - INFO - YouTube URL: https://www.youtube.com/watch?v=ewHktqEnxTQ
2026-02-22 16:44:53,399 - INFO - Ranges: [{'start': '4:22', 'end': '5:02'}, {'start': '5:17', 'end': '6:01'}, {'start': '7:17', 'end': '8:08'}, {'start': '8:24', 'end': '9:33'}]
2026-02-22 16:44:53,399 - INFO - ------------------------------------------------------------
2026-02-22 16:44:53,400 - INFO - Node 1: Download
2026-02-22 16:44:53,400 - INFO - ------------------------------------------------------------
2026-02-22 16:44:55,985 - INFO - Audio for ewHktqEnxTQ already exists, skipping download
2026-02-22 16:44:55,985 - INFO - ------------------------------------------------------------
2026-02-22 16:44:55,985 - INFO - Node 2: Slice
2026-02-22 16:44:55,985 - INFO - ------------------------------------------------------------
2026-02-22 16:44:55,986 - INFO - clip_01_04m22s_05m02s: Slicing audio...
2026-02-22 16:44:56,031 - INFO - clip_01_04m22s_05m02s: Sliced successfully
2026-02-22 16:44:56,031 - INFO - clip_02_05m17s_06m01s: Slicing audio...
2026-02-22 16:44:56,068 - INFO - clip_02_05m17s_06m01s: Sliced successfully
2026-02-22 16:44:56,068 - INFO - clip_03_07m17s_08m08s: Slicing audio...
2026-02-22 16:44:56,108 - INFO - clip_03_07m17s_08m08s: Sliced successfully
2026-02-22 16:44:56,108 - INFO - clip_04_08m24s_09m33s: Slicing audio...
2026-02-22 16:44:56,149 - INFO - clip_04_08m24s_09m33s: Sliced successfully
2026-02-22 16:44:56,149 - INFO - ============================================================
2026-02-22 16:44:56,149 - INFO - PIPELINE COMPLETE
2026-02-22 16:44:56,149 - INFO - ============================================================
2026-02-22 16:44:56,149 - INFO - Output: 4 audio clips generated
2026-02-22 16:44:56,149 - INFO - Location: clips/
