2026-02-04 21:28:39,324 - INFO - ============================================================
2026-02-04 21:28:39,324 - INFO - AUDIO SLICER PIPELINE START
2026-02-04 21:28:39,324 - INFO - ============================================================
2026-02-04 21:28:39,324 - INFO - YouTube URL: https://www.youtube.com/watch?v=ewHktqEnxTQ
2026-02-04 21:28:39,324 - INFO - Ranges: [{'start': 65, 'end': 120}, {'start': 136, 'end': 190}]
2026-02-04 21:28:39,324 - INFO - ------------------------------------------------------------
2026-02-04 21:28:39,324 - INFO - Node 1: Download
2026-02-04 21:28:39,324 - INFO - ------------------------------------------------------------
2026-02-04 21:28:39,324 - INFO - Attempting download strategy 1/4: Standard with modern user-agent
2026-02-04 21:28:51,465 - INFO - ✓ Downloaded successfully using: Standard with modern user-agent
2026-02-04 21:28:51,465 - INFO - Saved to: source_audio/full_audio.mp3
2026-02-04 21:28:51,465 - INFO - ------------------------------------------------------------
2026-02-04 21:28:51,465 - INFO - Node 2: Slice
2026-02-04 21:28:51,465 - INFO - ------------------------------------------------------------
2026-02-04 21:28:51,465 - INFO - clip_01_01m05s_02m00s: Slicing audio...
2026-02-04 21:28:51,501 - INFO - clip_01_01m05s_02m00s: Sliced successfully
2026-02-04 21:28:51,502 - INFO - clip_02_02m16s_03m10s: Slicing audio...
2026-02-04 21:28:51,537 - INFO - clip_02_02m16s_03m10s: Sliced successfully
2026-02-04 21:28:51,537 - INFO - ============================================================
2026-02-04 21:28:51,537 - INFO - PIPELINE COMPLETE
2026-02-04 21:28:51,537 - INFO - ============================================================
2026-02-04 21:28:51,537 - INFO - Output: 2 audio clips generated
2026-02-04 21:28:51,537 - INFO - Location: clips/
